@00000060
63
00
00
02
13
00
00
00
13
00
00
00
13
00
00
00
13
00
00
00
13
00
00
00
13
00
00
00
13
00
00
00
33
04
00
00
13
00
00
00
13
00
00
00
13
00
00
00
13
00
00
00
13
00
00
00
83
20
84
21
83
21
04
22
03
21
C4
21
03
22
44
22
13
00
00
00
23
22
14
22
23
20
24
22
23
2E
34
20
23
2C
44
20
13
00
00
00
83
20
84
21
03
21
C4
21
83
21
04
22
03
22
44
22
63
06
00
04
13
00
00
00
13
00
00
00
13
00
00
00
13
00
00
00
13
00
00
00
13
00
00
00
13
00
00
00
13
00
00
00
13
00
00
00
13
00
00
00
13
00
00
00
13
00
00
00
13
00
00
00
13
00
00
00
13
00
00
00
13
00
00
00
13
00
00
00
13
00
00
00
B3
82
20
00
33
83
41
00
13
00
00
00
13
00
00
00
13
00
00
00
13
00
00
00
23
20
54
26
B3
83
62
00
13
00
00
00
13
00
00
00
13
00
00
00
13
00
00
00
23
20
74
24
83
20
04
24
63
00
00
00
13
00
00
00
13
00
00
00
00
00
00
00
00
00
00
00
00
00
00
00
00
00
00
00
00
00
00
00
00
00
00
00
00
00
00
00
00
00
00
00
00
00
00
00
00
00
00
00
00
00
00
00
00
00
00
00
00
00
00
00
00
00
00
00
00
00
00
00
00
00
00
00
00
00
00
00
00
00
00
00
00
00
00
00
00
00
00
00
00
00
00
00
00
00
00
00
00
00
00
00
00
00
00
00
00
00
00
00
00
00
00
00
00
00
00
00
00
00
00
00
00
00
00
00
00
00
00
00
00
00
00
00
00
00
00
00
00
00
00
00
00
00
00
00
00
00
00
00
00
00
00
00
00
00
00
00
00
00
00
00
00
00
00
00
00
00
00
00
13
00
00
00
13
00
00
00
13
00
00
00
13
00
00
00
13
00
00
00
13
00
00
00
09
00
00
00
02
00
00
00
01
00
00
00
03
00
00
00
13
00
00
00
13
00
00
00
13
00
00
00
13
00
00
00
13
00
00
00
13
00
00
00
00
00
00
00
13
00
00
00
13
00
00
00
13
00
00
00
13
00
00
00
13
00
00
00
13
00
00
00
13
00
00
00
00
00
00
00
13
00
00
00
13
00
00
00
13
00
00
00
13
00
00
00
13
00
00
00
13
00
00
00
13
00
00
00
