@00000060
93
00
10
00
13
00
00
00
13
00
00
00
13
00
00
00
13
00
00
00
93
80
10
00
13
00
00
00
13
00
00
00
13
00
00
00
13
00
00
00
93
80
10
00
13
00
00
00
13
00
00
00
13
00
00
00
13
00
00
00
93
80
10
00
13
00
00
00
13
00
00
00
13
00
00
00
13
00
00
00
93
80
10
00
13
00
00
00
13
00
00
00
13
00
00
00
13
00
00
00
93
80
10
00
13
00
00
00
13
00
00
00
13
00
00
00
13
00
00
00
93
80
10
00
13
00
00
00
13
00
00
00
13
00
00
00
13
00
00
00
93
80
10
00
13
00
00
00
13
00
00
00
13
00
00
00
13
00
00
00
93
80
10
00
13
00
00
00
13
00
00
00
13
00
00
00
13
00
00
00
EF
BE
AD
DE
20
00
00
00
D5
00
00
00
0F
00
00
00
0F
0F
00
00
FF
00
00
00
04
00
00
00
00
00
00
00
00
00
00
00
00
00
00
00
00
00
00
00
00
00
00
00
00
00
00
00
00
00
00
00
0D
F0
0D
60
