Flow report for mp2
Sun Oct  7 21:39:13 2018
Quartus II 32-bit Version 13.1.4 Build 182 03/12/2014 SJ Full Version


---------------------
; Table of Contents ;
---------------------
  1. Legal Notice
  2. Flow Summary
  3. Flow Settings
  4. Flow Non-Default Global Settings
  5. Flow Elapsed Time
  6. Flow OS Summary
  7. Flow Log
  8. Flow Messages
  9. Flow Suppressed Messages



----------------
; Legal Notice ;
----------------
Copyright (C) 1991-2014 Altera Corporation
Your use of Altera Corporation's design tools, logic functions 
and other software and tools, and its AMPP partner logic 
functions, and any output files from any of the foregoing 
(including device programming or simulation files), and any 
associated documentation or information are expressly subject 
to the terms and conditions of the Altera Program License 
Subscription Agreement, Altera MegaCore Function License 
Agreement, or other applicable license agreement, including, 
without limitation, that your use is for the sole purpose of 
programming logic devices manufactured by Altera and sold by 
Altera or its authorized distributors.  Please refer to the 
applicable agreement for further details.



+-----------------------------------------------------------------------------+
; Flow Summary                                                                ;
+-------------------------------+---------------------------------------------+
; Flow Status                   ; Successful - Sun Oct  7 21:37:51 2018       ;
; Quartus II 32-bit Version     ; 13.1.4 Build 182 03/12/2014 SJ Full Version ;
; Revision Name                 ; mp2                                         ;
; Top-level Entity Name         ; mp2                                         ;
; Family                        ; Stratix III                                 ;
; Device                        ; EP3SE80F1152C2                              ;
; Timing Models                 ; Final                                       ;
; Logic utilization             ; 15 %                                        ;
;     Combinational ALUTs       ; 4,333 / 64,000 ( 7 % )                      ;
;     Memory ALUTs              ; 0 / 32,000 ( 0 % )                          ;
;     Dedicated logic registers ; 5,695 / 64,000 ( 9 % )                      ;
; Total registers               ; 5695                                        ;
; Total pins                    ; 548 / 744 ( 74 % )                          ;
; Total virtual pins            ; 0                                           ;
; Total block memory bits       ; 0 / 6,331,392 ( 0 % )                       ;
; DSP block 18-bit elements     ; 0 / 672 ( 0 % )                             ;
; Total PLLs                    ; 0 / 8 ( 0 % )                               ;
; Total DLLs                    ; 0 / 4 ( 0 % )                               ;
+-------------------------------+---------------------------------------------+


+-----------------------------------------+
; Flow Settings                           ;
+-------------------+---------------------+
; Option            ; Setting             ;
+-------------------+---------------------+
; Start date & time ; 10/07/2018 21:34:31 ;
; Main task         ; Compilation         ;
; Revision Name     ; mp2                 ;
+-------------------+---------------------+


+-----------------------------------------------------------------------------------------------------------------------------+
; Flow Non-Default Global Settings                                                                                            ;
+--------------------------------------+---------------------------------------+---------------+-------------+----------------+
; Assignment Name                      ; Value                                 ; Default Value ; Entity Name ; Section Id     ;
+--------------------------------------+---------------------------------------+---------------+-------------+----------------+
; COMPILER_SIGNATURE_ID                ; 149885690633371.153896607007152       ; --            ; --          ; --             ;
; EDA_DESIGN_INSTANCE_NAME             ; NA                                    ; --            ; --          ; mp2_tb         ;
; EDA_NATIVELINK_SIMULATION_TEST_BENCH ; mp2_tb                                ; --            ; --          ; eda_simulation ;
; EDA_OUTPUT_DATA_FORMAT               ; Systemverilog Hdl                     ; --            ; --          ; eda_simulation ;
; EDA_SIMULATION_TOOL                  ; ModelSim-Altera (SystemVerilog)       ; <None>        ; --          ; --             ;
; EDA_TEST_BENCH_ENABLE_STATUS         ; TEST_BENCH_MODE                       ; --            ; --          ; eda_simulation ;
; EDA_TEST_BENCH_FILE                  ; mp2_tb.sv                             ; --            ; --          ; mp2_tb         ;
; EDA_TEST_BENCH_FILE                  ; physical_memory.sv                    ; --            ; --          ; mp2_tb         ;
; EDA_TEST_BENCH_MODULE_NAME           ; mp2_tb                                ; --            ; --          ; mp2_tb         ;
; EDA_TEST_BENCH_NAME                  ; mp2_tb                                ; --            ; --          ; eda_simulation ;
; EDA_TEST_BENCH_RUN_SIM_FOR           ; 200 ns                                ; --            ; --          ; mp2_tb         ;
; EDA_TIME_SCALE                       ; 100 ns                                ; --            ; --          ; eda_simulation ;
; MAX_CORE_JUNCTION_TEMP               ; 85                                    ; --            ; --          ; --             ;
; MIN_CORE_JUNCTION_TEMP               ; 0                                     ; --            ; --          ; --             ;
; PARTITION_COLOR                      ; 16764057                              ; --            ; --          ; Top            ;
; PARTITION_FITTER_PRESERVATION_LEVEL  ; PLACEMENT_AND_ROUTING                 ; --            ; --          ; Top            ;
; PARTITION_NETLIST_TYPE               ; SOURCE                                ; --            ; --          ; Top            ;
; POWER_BOARD_THERMAL_MODEL            ; None (CONSERVATIVE)                   ; --            ; --          ; --             ;
; POWER_PRESET_COOLING_SOLUTION        ; 23 MM HEAT SINK WITH 200 LFPM AIRFLOW ; --            ; --          ; --             ;
; PROJECT_OUTPUT_DIRECTORY             ; output_files                          ; --            ; --          ; --             ;
+--------------------------------------+---------------------------------------+---------------+-------------+----------------+


+-------------------------------------------------------------------------------------------------------------------------------+
; Flow Elapsed Time                                                                                                             ;
+---------------------------+--------------+-------------------------+---------------------+------------------------------------+
; Module Name               ; Elapsed Time ; Average Processors Used ; Peak Virtual Memory ; Total CPU Time (on all processors) ;
+---------------------------+--------------+-------------------------+---------------------+------------------------------------+
; Analysis & Synthesis      ; 00:00:21     ; 1.0                     ; 490 MB              ; 00:00:18                           ;
; Fitter                    ; 00:01:53     ; 2.0                     ; 983 MB              ; 00:02:36                           ;
; Assembler                 ; 00:00:11     ; 1.0                     ; 475 MB              ; 00:00:10                           ;
; TimeQuest Timing Analyzer ; 00:00:14     ; 1.5                     ; 626 MB              ; 00:00:12                           ;
; EDA Netlist Writer        ; 00:00:20     ; 1.0                     ; 458 MB              ; 00:00:18                           ;
; TimeQuest Timing Analyzer ; 00:00:09     ; 1.4                     ; 596 MB              ; 00:00:08                           ;
; Total                     ; 00:03:08     ; --                      ; --                  ; 00:03:42                           ;
+---------------------------+--------------+-------------------------+---------------------+------------------------------------+


+-----------------------------------------------------------------------------------------------------------+
; Flow OS Summary                                                                                           ;
+---------------------------+--------------------------------+--------------+--------------+----------------+
; Module Name               ; Machine Hostname               ; OS Name      ; OS Version   ; Processor type ;
+---------------------------+--------------------------------+--------------+--------------+----------------+
; Analysis & Synthesis      ; siebl-0220-03.ews.illinois.edu ; CentOS Linux ; CentOS Linux ; x86_64         ;
; Fitter                    ; siebl-0220-03.ews.illinois.edu ; CentOS Linux ; CentOS Linux ; x86_64         ;
; Assembler                 ; siebl-0220-03.ews.illinois.edu ; CentOS Linux ; CentOS Linux ; x86_64         ;
; TimeQuest Timing Analyzer ; siebl-0220-03.ews.illinois.edu ; CentOS Linux ; CentOS Linux ; x86_64         ;
; EDA Netlist Writer        ; siebl-0220-03.ews.illinois.edu ; CentOS Linux ; CentOS Linux ; x86_64         ;
; TimeQuest Timing Analyzer ; siebl-0220-03.ews.illinois.edu ; CentOS Linux ; CentOS Linux ; x86_64         ;
+---------------------------+--------------------------------+--------------+--------------+----------------+


------------
; Flow Log ;
------------
quartus_map --read_settings_files=on --write_settings_files=off mp2 -c mp2
quartus_fit --read_settings_files=off --write_settings_files=off mp2 -c mp2
quartus_asm --read_settings_files=off --write_settings_files=off mp2 -c mp2
quartus_sta mp2 -c mp2
quartus_eda --read_settings_files=off --write_settings_files=off mp2 -c mp2
quartus_sta mp2 -c mp2



